<?xml version="1.0" encoding="UTF-8"?>
<!-- Generated by org.testng.reporters.JUnitReportReporter -->
<testsuite hostname="DESKTOP-379HBJB" failures="0" tests="19" name="Test1.View_assets_details_page" time="40.113" errors="0" timestamp="2024-07-28T11:02:31 IST" skipped="0">
  <testcase classname="Test1.View_assets_details_page" name="Verify_search_function" time="1.346"/>
  <system-out/>
  <testcase classname="Test1.View_assets_details_page" name="Verify_enter_text_click_enteroption" time="0.605"/>
  <system-out/>
  <testcase classname="Test1.View_assets_details_page" name="Verify_enter_maximum_minimum_and_specialcharacter" time="0.744"/>
  <system-out/>
  <testcase classname="Test1.View_assets_details_page" name="Verify_get_suggestion_option" time="3.528"/>
  <system-out/>
  <testcase classname="Test1.View_assets_details_page" name="Verify_click_suggestion_message" time="17.023"/>
  <system-out/>
  <testcase classname="Test1.View_assets_details_page" name="Verify_search_text_realted_results" time="6.300"/>
  <system-out/>
  <testcase classname="Test1.View_assets_details_page" name="Verify_left_side_options" time="3.036"/>
  <system-out/>
  <testcase classname="Test1.View_assets_details_page" name="Verify_fliter_opitons" time="0.717"/>
  <system-out/>
  <testcase classname="Test1.View_assets_details_page" name="Verify_select_price_range_and_clearoption" time="0.267"/>
  <system-out/>
  <testcase classname="Test1.View_assets_details_page" name="Verify_mouseover_to_assets_check_borderhighlights" time="0.487"/>
  <system-out/>
  <testcase classname="Test1.View_assets_details_page" name="Verify_click_assets_on_homepage" time="0.848"/>
  <system-out/>
  <testcase classname="Test1.View_assets_details_page" name="Verify_get_assets_title_and_get_allcategories" time="0.355"/>
  <system-out/>
  <testcase classname="Test1.View_assets_details_page" name="Verify_get_price" time="0.049"/>
  <system-out/>
  <testcase classname="Test1.View_assets_details_page" name="Verify_get_creator_name_and_creator_mentor" time="0.349"/>
  <system-out/>
  <testcase classname="Test1.View_assets_details_page" name="Verify_click_react_option" time="0.187"/>
  <system-out/>
  <testcase classname="Test1.View_assets_details_page" name="Verify_click_sharenow_option" time="0.309"/>
  <system-out/>
  <testcase classname="Test1.View_assets_details_page" name="Verify_click_popup_canceloption_click_each_and_every_option" time="3.250"/>
  <system-out/>
  <testcase classname="Test1.View_assets_details_page" name="Verify_suggestion_assets_click_all" time="0.354"/>
  <system-out/>
  <testcase classname="Test1.View_assets_details_page" name="Verify_click_Buynow_option" time="0.359"/>
  <system-out/>
</testsuite> <!-- Test1.View_assets_details_page -->
